生成启动时间为 2018/12/9 13:59:31。
     1>项目“G:\MJX\C\00\00\00.vcxproj”在节点 2 上(Build 个目标)。
     1>ClCompile:
         F:\软件库\VC\bin\CL.exe /c /ZI /nologo /W3 /WX- /Od /Oy- /D WIN32 /D _DEBUG /D _CONSOLE /D _LIB /D _UNICODE /D UNICODE /Gm /EHsc /RTC1 /MDd /GS /fp:precise /Zc:wchar_t /Zc:forScope /Fo"Debug\\" /Fd"Debug\vc120.pdb" /Gd /TP /analyze- /errorReport:prompt "源.cpp"
         源.cpp
     1>g:\mjx\c\00\00\源.cpp(321): warning C4101: “X0”: 未引用的局部变量
     1>g:\mjx\c\00\00\源.cpp(321): warning C4101: “Y0”: 未引用的局部变量
     1>g:\mjx\c\00\00\源.cpp(321): warning C4101: “K0”: 未引用的局部变量
     1>g:\mjx\c\00\00\源.cpp(629): error C2059: 语法错误:“]”
     1>g:\mjx\c\00\00\源.cpp(634): error C2143: 语法错误 : 缺少“;”(在“{”的前面)
     1>已完成生成项目“G:\MJX\C\00\00\00.vcxproj”(Build 个目标)的操作 - 失败。

生成失败。

已用时间 00:00:00.86
